Command line invocation:
    /Applications/Xcode.app/Contents/Developer/usr/bin/xcodebuild build -project ExampleMVVM.xcodeproj -scheme ExampleMVVM -configuration Debug -sdk iphonesimulator

Build settings from command line:
    SDKROOT = iphonesimulator18.5

Resolve Package Graph


Resolved source packages:
  Domain: /Users/regis/develop/template/iOS-Clean-Architecture-MVVM/Packages/Domain
  Data: /Users/regis/develop/template/iOS-Clean-Architecture-MVVM/Packages/Data
  Presentation: /Users/regis/develop/template/iOS-Clean-Architecture-MVVM/Packages/Presentation
  Common: /Users/regis/develop/template/iOS-Clean-Architecture-MVVM/Packages/Common
  Networking: /Users/regis/develop/template/iOS-Clean-Architecture-MVVM/Packages/Networking

--- xcodebuild: WARNING: Using the first of multiple matching destinations:
{ platform:iOS Simulator, id:dvtdevice-DVTiOSDeviceSimulatorPlaceholder-iphonesimulator:placeholder, name:Any iOS Simulator Device }
{ platform:iOS Simulator, arch:arm64, id:706381F0-58A4-431E-A6EC-01919D51D291, OS:18.6, name:iPad (A16) }
{ platform:iOS Simulator, arch:x86_64, id:706381F0-58A4-431E-A6EC-01919D51D291, OS:18.6, name:iPad (A16) }
{ platform:iOS Simulator, arch:arm64, id:459313E3-BEE1-433A-93E6-F69261B9C468, OS:18.6, name:iPad Air 11-inch (M3) }
{ platform:iOS Simulator, arch:x86_64, id:459313E3-BEE1-433A-93E6-F69261B9C468, OS:18.6, name:iPad Air 11-inch (M3) }
{ platform:iOS Simulator, arch:arm64, id:69AD8249-2169-4D2F-A64A-2C3FA535719C, OS:18.6, name:iPad Air 13-inch (M3) }
{ platform:iOS Simulator, arch:x86_64, id:69AD8249-2169-4D2F-A64A-2C3FA535719C, OS:18.6, name:iPad Air 13-inch (M3) }
{ platform:iOS Simulator, arch:arm64, id:2173D445-2822-4786-8A66-9C1F7A3C7B58, OS:18.6, name:iPad Pro 11-inch (M4) }
{ platform:iOS Simulator, arch:x86_64, id:2173D445-2822-4786-8A66-9C1F7A3C7B58, OS:18.6, name:iPad Pro 11-inch (M4) }
{ platform:iOS Simulator, arch:arm64, id:B8462E29-C4AE-4333-A736-DD1E3A1B9622, OS:18.6, name:iPad Pro 13-inch (M4) }
{ platform:iOS Simulator, arch:x86_64, id:B8462E29-C4AE-4333-A736-DD1E3A1B9622, OS:18.6, name:iPad Pro 13-inch (M4) }
{ platform:iOS Simulator, arch:arm64, id:31371703-4825-4A1A-8C79-89A1812D4034, OS:18.6, name:iPad mini (A17 Pro) }
{ platform:iOS Simulator, arch:x86_64, id:31371703-4825-4A1A-8C79-89A1812D4034, OS:18.6, name:iPad mini (A17 Pro) }
{ platform:iOS Simulator, arch:arm64, id:257E76A1-65AA-478D-BFB1-6341D5A59398, OS:17.5, name:iPhone 15 Plus }
{ platform:iOS Simulator, arch:x86_64, id:257E76A1-65AA-478D-BFB1-6341D5A59398, OS:17.5, name:iPhone 15 Plus }
{ platform:iOS Simulator, arch:arm64, id:9D071546-A64D-4293-9B0F-C9A464CD49A5, OS:17.5, name:iPhone 15 Pro }
{ platform:iOS Simulator, arch:x86_64, id:9D071546-A64D-4293-9B0F-C9A464CD49A5, OS:17.5, name:iPhone 15 Pro }
{ platform:iOS Simulator, arch:arm64, id:8C6B2076-BD4D-4586-A8F3-BFC03ACE9D29, OS:17.5, name:iPhone 15 Pro Max }
{ platform:iOS Simulator, arch:x86_64, id:8C6B2076-BD4D-4586-A8F3-BFC03ACE9D29, OS:17.5, name:iPhone 15 Pro Max }
{ platform:iOS Simulator, arch:arm64, id:6A3E9EAF-5CD0-4188-B391-0027D34E094D, OS:18.6, name:iPhone 16 }
{ platform:iOS Simulator, arch:x86_64, id:6A3E9EAF-5CD0-4188-B391-0027D34E094D, OS:18.6, name:iPhone 16 }
{ platform:iOS Simulator, arch:arm64, id:6CF55E82-0ACD-427A-A22B-104D5CBA0290, OS:18.6, name:iPhone 16 Plus }
{ platform:iOS Simulator, arch:x86_64, id:6CF55E82-0ACD-427A-A22B-104D5CBA0290, OS:18.6, name:iPhone 16 Plus }
{ platform:iOS Simulator, arch:arm64, id:54126FDC-7EAD-4028-A552-77861A9082D3, OS:18.6, name:iPhone 16 Pro }
{ platform:iOS Simulator, arch:x86_64, id:54126FDC-7EAD-4028-A552-77861A9082D3, OS:18.6, name:iPhone 16 Pro }
{ platform:iOS Simulator, arch:arm64, id:86DC7800-43D8-4297-9CE2-B0FE32E7EDBC, OS:18.6, name:iPhone 16 Pro Max }
{ platform:iOS Simulator, arch:x86_64, id:86DC7800-43D8-4297-9CE2-B0FE32E7EDBC, OS:18.6, name:iPhone 16 Pro Max }
{ platform:iOS Simulator, arch:arm64, id:A7BA177B-B301-4734-9B5F-A00DD98D0430, OS:18.6, name:iPhone 16e }
{ platform:iOS Simulator, arch:x86_64, id:A7BA177B-B301-4734-9B5F-A00DD98D0430, OS:18.6, name:iPhone 16e }
{ platform:iOS Simulator, arch:arm64, id:29FC46E8-9E52-4319-90BA-28019F7EFECA, OS:17.5, name:iPhone SE (3rd generation) }
{ platform:iOS Simulator, arch:x86_64, id:29FC46E8-9E52-4319-90BA-28019F7EFECA, OS:17.5, name:iPhone SE (3rd generation) }
{ platform:macOS, arch:arm64, variant:Designed for [iPad,iPhone], id:00006040-001250DA02B8801C, name:My Mac }
{ platform:iOS, id:dvtdevice-DVTiPhonePlaceholder-iphoneos:placeholder, name:Any iOS Device }
ComputePackagePrebuildTargetDependencyGraph

Prepare packages

CreateBuildRequest

SendProjectDescription

CreateBuildOperation

ComputeTargetDependencyGraph
note: Building targets in dependency order
note: Target dependency graph (13 targets)
    Target 'ExampleMVVM' in project 'ExampleMVVM'
        ➜ Explicit dependency on target 'Common' in project 'Common'
        ➜ Explicit dependency on target 'Domain' in project 'Domain'
        ➜ Explicit dependency on target 'Networking' in project 'Networking'
        ➜ Explicit dependency on target 'Data' in project 'Data'
        ➜ Explicit dependency on target 'Presentation' in project 'Presentation'
    Target 'Presentation' in project 'Presentation'
        ➜ Explicit dependency on target 'Presentation' in project 'Presentation'
        ➜ Explicit dependency on target 'Presentation_Presentation' in project 'Presentation'
        ➜ Explicit dependency on target 'Common' in project 'Common'
        ➜ Explicit dependency on target 'Domain' in project 'Domain'
        ➜ Explicit dependency on target 'Networking' in project 'Networking'
    Target 'Presentation' in project 'Presentation'
        ➜ Explicit dependency on target 'Presentation_Presentation' in project 'Presentation'
        ➜ Explicit dependency on target 'Common' in project 'Common'
        ➜ Explicit dependency on target 'Domain' in project 'Domain'
        ➜ Explicit dependency on target 'Networking' in project 'Networking'
    Target 'Presentation_Presentation' in project 'Presentation' (no dependencies)
    Target 'Data' in project 'Data'
        ➜ Explicit dependency on target 'Data' in project 'Data'
        ➜ Explicit dependency on target 'Data_Data' in project 'Data'
        ➜ Explicit dependency on target 'Common' in project 'Common'
        ➜ Explicit dependency on target 'Domain' in project 'Domain'
        ➜ Explicit dependency on target 'Networking' in project 'Networking'
    Target 'Data' in project 'Data'
        ➜ Explicit dependency on target 'Data_Data' in project 'Data'
        ➜ Explicit dependency on target 'Common' in project 'Common'
        ➜ Explicit dependency on target 'Domain' in project 'Domain'
        ➜ Explicit dependency on target 'Networking' in project 'Networking'
    Target 'Data_Data' in project 'Data' (no dependencies)
    Target 'Networking' in project 'Networking'
        ➜ Explicit dependency on target 'Networking' in project 'Networking'
        ➜ Explicit dependency on target 'Common' in project 'Common'
    Target 'Networking' in project 'Networking'
        ➜ Explicit dependency on target 'Common' in project 'Common'
    Target 'Domain' in project 'Domain'
        ➜ Explicit dependency on target 'Domain' in project 'Domain'
        ➜ Explicit dependency on target 'Common' in project 'Common'
    Target 'Domain' in project 'Domain'
        ➜ Explicit dependency on target 'Common' in project 'Common'
    Target 'Common' in project 'Common'
        ➜ Explicit dependency on target 'Common' in project 'Common'
    Target 'Common' in project 'Common' (no dependencies)

GatherProvisioningInputs

CreateBuildDescription

ClangStatCache /Applications/Xcode.app/Contents/Developer/Toolchains/XcodeDefault.xctoolchain/usr/bin/clang-stat-cache /Applications/Xcode.app/Contents/Developer/Platforms/iPhoneSimulator.platform/Developer/SDKs/iPhoneSimulator18.5.sdk /Users/regis/Library/Developer/Xcode/DerivedData/SDKStatCaches.noindex/iphonesimulator18.5-22F76-d5fc8ad4295d2ef488fb7d0f804ce0c4.sdkstatcache
    cd /Users/regis/develop/template/iOS-Clean-Architecture-MVVM/ExampleMVVM.xcodeproj
    /Applications/Xcode.app/Contents/Developer/Toolchains/XcodeDefault.xctoolchain/usr/bin/clang-stat-cache /Applications/Xcode.app/Contents/Developer/Platforms/iPhoneSimulator.platform/Developer/SDKs/iPhoneSimulator18.5.sdk -o /Users/regis/Library/Developer/Xcode/DerivedData/SDKStatCaches.noindex/iphonesimulator18.5-22F76-d5fc8ad4295d2ef488fb7d0f804ce0c4.sdkstatcache

SwiftDriver Presentation normal x86_64 com.apple.xcode.tools.swift.compiler (in target 'Presentation' from project 'Presentation')
    cd /Users/regis/develop/template/iOS-Clean-Architecture-MVVM/ExampleMVVM.xcodeproj
    builtin-SwiftDriver -- /Applications/Xcode.app/Contents/Developer/Toolchains/XcodeDefault.xctoolchain/usr/bin/swiftc -module-name Presentation -Onone -enforce-exclusivity\=checked @/Users/regis/Library/Developer/Xcode/DerivedData/ExampleMVVM-fukdbmmciwlmszdejgjstzpguvpj/Build/Intermediates.noindex/Presentation.build/Debug-iphonesimulator/Presentation.build/Objects-normal/x86_64/Presentation.SwiftFileList -DSWIFT_PACKAGE -DDEBUG -DXcode -plugin-path /Applications/Xcode.app/Contents/Developer/Toolchains/XcodeDefault.xctoolchain/usr/lib/swift/host/plugins/testing -enable-experimental-feature DebugDescriptionMacro -sdk /Applications/Xcode.app/Contents/Developer/Platforms/iPhoneSimulator.platform/Developer/SDKs/iPhoneSimulator18.5.sdk -target x86_64-apple-ios13.0-simulator -g -module-cache-path /Users/regis/Library/Developer/Xcode/DerivedData/ModuleCache.noindex -Xfrontend -serialize-debugging-options -enable-testing -index-store-path /Users/regis/Library/Developer/Xcode/DerivedData/ExampleMVVM-fukdbmmciwlmszdejgjstzpguvpj/Index.noindex/DataStore -swift-version 5 -I /Users/regis/Library/Developer/Xcode/DerivedData/ExampleMVVM-fukdbmmciwlmszdejgjstzpguvpj/Build/Products/Debug-iphonesimulator -I /Applications/Xcode.app/Contents/Developer/Platforms/iPhoneSimulator.platform/Developer/usr/lib -F /Users/regis/Library/Developer/Xcode/DerivedData/ExampleMVVM-fukdbmmciwlmszdejgjstzpguvpj/Build/Products/Debug-iphonesimulator/PackageFrameworks -F /Users/regis/Library/Developer/Xcode/DerivedData/ExampleMVVM-fukdbmmciwlmszdejgjstzpguvpj/Build/Products/Debug-iphonesimulator/PackageFrameworks -F /Users/regis/Library/Developer/Xcode/DerivedData/ExampleMVVM-fukdbmmciwlmszdejgjstzpguvpj/Build/Products/Debug-iphonesimulator/PackageFrameworks -F /Users/regis/Library/Developer/Xcode/DerivedData/ExampleMVVM-fukdbmmciwlmszdejgjstzpguvpj/Build/Products/Debug-iphonesimulator -F /Applications/Xcode.app/Contents/Developer/Platforms/iPhoneSimulator.platform/Developer/Library/Frameworks -F /Applications/Xcode.app/Contents/Developer/Platforms/iPhoneSimulator.platform/Developer/SDKs/iPhoneSimulator18.5.sdk/Developer/Library/Frameworks -c -j14 -enable-batch-mode -incremental -Xcc -ivfsstatcache -Xcc /Users/regis/Library/Developer/Xcode/DerivedData/SDKStatCaches.noindex/iphonesimulator18.5-22F76-d5fc8ad4295d2ef488fb7d0f804ce0c4.sdkstatcache -output-file-map /Users/regis/Library/Developer/Xcode/DerivedData/ExampleMVVM-fukdbmmciwlmszdejgjstzpguvpj/Build/Intermediates.noindex/Presentation.build/Debug-iphonesimulator/Presentation.build/Objects-normal/x86_64/Presentation-OutputFileMap.json -use-frontend-parseable-output -save-temps -no-color-diagnostics -serialize-diagnostics -emit-dependencies -emit-module -emit-module-path /Users/regis/Library/Developer/Xcode/DerivedData/ExampleMVVM-fukdbmmciwlmszdejgjstzpguvpj/Build/Intermediates.noindex/Presentation.build/Debug-iphonesimulator/Presentation.build/Objects-normal/x86_64/Presentation.swiftmodule -validate-clang-modules-once -clang-build-session-file /Users/regis/Library/Developer/Xcode/DerivedData/ModuleCache.noindex/Session.modulevalidation -Xcc -I/Users/regis/Library/Developer/Xcode/DerivedData/ExampleMVVM-fukdbmmciwlmszdejgjstzpguvpj/Build/Intermediates.noindex/Presentation.build/Debug-iphonesimulator/Presentation.build/swift-overrides.hmap -emit-const-values -Xfrontend -const-gather-protocols-file -Xfrontend /Users/regis/Library/Developer/Xcode/DerivedData/ExampleMVVM-fukdbmmciwlmszdejgjstzpguvpj/Build/Intermediates.noindex/Presentation.build/Debug-iphonesimulator/Presentation.build/Objects-normal/x86_64/Presentation_const_extract_protocols.json -Xcc -I/Users/regis/Library/Developer/Xcode/DerivedData/ExampleMVVM-fukdbmmciwlmszdejgjstzpguvpj/Build/Products/Debug-iphonesimulator/include -Xcc -I/Users/regis/Library/Developer/Xcode/DerivedData/ExampleMVVM-fukdbmmciwlmszdejgjstzpguvpj/Build/Intermediates.noindex/Presentation.build/Debug-iphonesimulator/Presentation.build/DerivedSources-normal/x86_64 -Xcc -I/Users/regis/Library/Developer/Xcode/DerivedData/ExampleMVVM-fukdbmmciwlmszdejgjstzpguvpj/Build/Intermediates.noindex/Presentation.build/Debug-iphonesimulator/Presentation.build/DerivedSources/x86_64 -Xcc -I/Users/regis/Library/Developer/Xcode/DerivedData/ExampleMVVM-fukdbmmciwlmszdejgjstzpguvpj/Build/Intermediates.noindex/Presentation.build/Debug-iphonesimulator/Presentation.build/DerivedSources -Xcc -DSWIFT_PACKAGE -Xcc -DDEBUG\=1 -emit-objc-header -emit-objc-header-path /Users/regis/Library/Developer/Xcode/DerivedData/ExampleMVVM-fukdbmmciwlmszdejgjstzpguvpj/Build/Intermediates.noindex/Presentation.build/Debug-iphonesimulator/Presentation.build/Objects-normal/x86_64/Presentation-Swift.h -working-directory /Users/regis/develop/template/iOS-Clean-Architecture-MVVM/ExampleMVVM.xcodeproj -experimental-emit-module-separately -disable-cmo

SwiftDriver Presentation normal arm64 com.apple.xcode.tools.swift.compiler (in target 'Presentation' from project 'Presentation')
    cd /Users/regis/develop/template/iOS-Clean-Architecture-MVVM/ExampleMVVM.xcodeproj
    builtin-SwiftDriver -- /Applications/Xcode.app/Contents/Developer/Toolchains/XcodeDefault.xctoolchain/usr/bin/swiftc -module-name Presentation -Onone -enforce-exclusivity\=checked @/Users/regis/Library/Developer/Xcode/DerivedData/ExampleMVVM-fukdbmmciwlmszdejgjstzpguvpj/Build/Intermediates.noindex/Presentation.build/Debug-iphonesimulator/Presentation.build/Objects-normal/arm64/Presentation.SwiftFileList -DSWIFT_PACKAGE -DDEBUG -DXcode -plugin-path /Applications/Xcode.app/Contents/Developer/Toolchains/XcodeDefault.xctoolchain/usr/lib/swift/host/plugins/testing -enable-experimental-feature DebugDescriptionMacro -sdk /Applications/Xcode.app/Contents/Developer/Platforms/iPhoneSimulator.platform/Developer/SDKs/iPhoneSimulator18.5.sdk -target arm64-apple-ios13.0-simulator -g -module-cache-path /Users/regis/Library/Developer/Xcode/DerivedData/ModuleCache.noindex -Xfrontend -serialize-debugging-options -enable-testing -index-store-path /Users/regis/Library/Developer/Xcode/DerivedData/ExampleMVVM-fukdbmmciwlmszdejgjstzpguvpj/Index.noindex/DataStore -swift-version 5 -I /Users/regis/Library/Developer/Xcode/DerivedData/ExampleMVVM-fukdbmmciwlmszdejgjstzpguvpj/Build/Products/Debug-iphonesimulator -I /Applications/Xcode.app/Contents/Developer/Platforms/iPhoneSimulator.platform/Developer/usr/lib -F /Users/regis/Library/Developer/Xcode/DerivedData/ExampleMVVM-fukdbmmciwlmszdejgjstzpguvpj/Build/Products/Debug-iphonesimulator/PackageFrameworks -F /Users/regis/Library/Developer/Xcode/DerivedData/ExampleMVVM-fukdbmmciwlmszdejgjstzpguvpj/Build/Products/Debug-iphonesimulator/PackageFrameworks -F /Users/regis/Library/Developer/Xcode/DerivedData/ExampleMVVM-fukdbmmciwlmszdejgjstzpguvpj/Build/Products/Debug-iphonesimulator/PackageFrameworks -F /Users/regis/Library/Developer/Xcode/DerivedData/ExampleMVVM-fukdbmmciwlmszdejgjstzpguvpj/Build/Products/Debug-iphonesimulator -F /Applications/Xcode.app/Contents/Developer/Platforms/iPhoneSimulator.platform/Developer/Library/Frameworks -F /Applications/Xcode.app/Contents/Developer/Platforms/iPhoneSimulator.platform/Developer/SDKs/iPhoneSimulator18.5.sdk/Developer/Library/Frameworks -c -j14 -enable-batch-mode -incremental -Xcc -ivfsstatcache -Xcc /Users/regis/Library/Developer/Xcode/DerivedData/SDKStatCaches.noindex/iphonesimulator18.5-22F76-d5fc8ad4295d2ef488fb7d0f804ce0c4.sdkstatcache -output-file-map /Users/regis/Library/Developer/Xcode/DerivedData/ExampleMVVM-fukdbmmciwlmszdejgjstzpguvpj/Build/Intermediates.noindex/Presentation.build/Debug-iphonesimulator/Presentation.build/Objects-normal/arm64/Presentation-OutputFileMap.json -use-frontend-parseable-output -save-temps -no-color-diagnostics -serialize-diagnostics -emit-dependencies -emit-module -emit-module-path /Users/regis/Library/Developer/Xcode/DerivedData/ExampleMVVM-fukdbmmciwlmszdejgjstzpguvpj/Build/Intermediates.noindex/Presentation.build/Debug-iphonesimulator/Presentation.build/Objects-normal/arm64/Presentation.swiftmodule -validate-clang-modules-once -clang-build-session-file /Users/regis/Library/Developer/Xcode/DerivedData/ModuleCache.noindex/Session.modulevalidation -Xcc -I/Users/regis/Library/Developer/Xcode/DerivedData/ExampleMVVM-fukdbmmciwlmszdejgjstzpguvpj/Build/Intermediates.noindex/Presentation.build/Debug-iphonesimulator/Presentation.build/swift-overrides.hmap -emit-const-values -Xfrontend -const-gather-protocols-file -Xfrontend /Users/regis/Library/Developer/Xcode/DerivedData/ExampleMVVM-fukdbmmciwlmszdejgjstzpguvpj/Build/Intermediates.noindex/Presentation.build/Debug-iphonesimulator/Presentation.build/Objects-normal/arm64/Presentation_const_extract_protocols.json -Xcc -I/Users/regis/Library/Developer/Xcode/DerivedData/ExampleMVVM-fukdbmmciwlmszdejgjstzpguvpj/Build/Products/Debug-iphonesimulator/include -Xcc -I/Users/regis/Library/Developer/Xcode/DerivedData/ExampleMVVM-fukdbmmciwlmszdejgjstzpguvpj/Build/Intermediates.noindex/Presentation.build/Debug-iphonesimulator/Presentation.build/DerivedSources-normal/arm64 -Xcc -I/Users/regis/Library/Developer/Xcode/DerivedData/ExampleMVVM-fukdbmmciwlmszdejgjstzpguvpj/Build/Intermediates.noindex/Presentation.build/Debug-iphonesimulator/Presentation.build/DerivedSources/arm64 -Xcc -I/Users/regis/Library/Developer/Xcode/DerivedData/ExampleMVVM-fukdbmmciwlmszdejgjstzpguvpj/Build/Intermediates.noindex/Presentation.build/Debug-iphonesimulator/Presentation.build/DerivedSources -Xcc -DSWIFT_PACKAGE -Xcc -DDEBUG\=1 -emit-objc-header -emit-objc-header-path /Users/regis/Library/Developer/Xcode/DerivedData/ExampleMVVM-fukdbmmciwlmszdejgjstzpguvpj/Build/Intermediates.noindex/Presentation.build/Debug-iphonesimulator/Presentation.build/Objects-normal/arm64/Presentation-Swift.h -working-directory /Users/regis/develop/template/iOS-Clean-Architecture-MVVM/ExampleMVVM.xcodeproj -experimental-emit-module-separately -disable-cmo

SwiftDriver Data normal x86_64 com.apple.xcode.tools.swift.compiler (in target 'Data' from project 'Data')
    cd /Users/regis/develop/template/iOS-Clean-Architecture-MVVM/ExampleMVVM.xcodeproj
    builtin-SwiftDriver -- /Applications/Xcode.app/Contents/Developer/Toolchains/XcodeDefault.xctoolchain/usr/bin/swiftc -module-name Data -Onone -enforce-exclusivity\=checked @/Users/regis/Library/Developer/Xcode/DerivedData/ExampleMVVM-fukdbmmciwlmszdejgjstzpguvpj/Build/Intermediates.noindex/Data.build/Debug-iphonesimulator/Data.build/Objects-normal/x86_64/Data.SwiftFileList -DSWIFT_PACKAGE -DDEBUG -DXcode -plugin-path /Applications/Xcode.app/Contents/Developer/Toolchains/XcodeDefault.xctoolchain/usr/lib/swift/host/plugins/testing -enable-experimental-feature DebugDescriptionMacro -sdk /Applications/Xcode.app/Contents/Developer/Platforms/iPhoneSimulator.platform/Developer/SDKs/iPhoneSimulator18.5.sdk -target x86_64-apple-ios13.0-simulator -g -module-cache-path /Users/regis/Library/Developer/Xcode/DerivedData/ModuleCache.noindex -Xfrontend -serialize-debugging-options -enable-testing -index-store-path /Users/regis/Library/Developer/Xcode/DerivedData/ExampleMVVM-fukdbmmciwlmszdejgjstzpguvpj/Index.noindex/DataStore -swift-version 5 -I /Users/regis/Library/Developer/Xcode/DerivedData/ExampleMVVM-fukdbmmciwlmszdejgjstzpguvpj/Build/Products/Debug-iphonesimulator -I /Applications/Xcode.app/Contents/Developer/Platforms/iPhoneSimulator.platform/Developer/usr/lib -F /Users/regis/Library/Developer/Xcode/DerivedData/ExampleMVVM-fukdbmmciwlmszdejgjstzpguvpj/Build/Products/Debug-iphonesimulator/PackageFrameworks -F /Users/regis/Library/Developer/Xcode/DerivedData/ExampleMVVM-fukdbmmciwlmszdejgjstzpguvpj/Build/Products/Debug-iphonesimulator/PackageFrameworks -F /Users/regis/Library/Developer/Xcode/DerivedData/ExampleMVVM-fukdbmmciwlmszdejgjstzpguvpj/Build/Products/Debug-iphonesimulator/PackageFrameworks -F /Users/regis/Library/Developer/Xcode/DerivedData/ExampleMVVM-fukdbmmciwlmszdejgjstzpguvpj/Build/Products/Debug-iphonesimulator -F /Applications/Xcode.app/Contents/Developer/Platforms/iPhoneSimulator.platform/Developer/Library/Frameworks -F /Applications/Xcode.app/Contents/Developer/Platforms/iPhoneSimulator.platform/Developer/SDKs/iPhoneSimulator18.5.sdk/Developer/Library/Frameworks -c -j14 -enable-batch-mode -incremental -Xcc -ivfsstatcache -Xcc /Users/regis/Library/Developer/Xcode/DerivedData/SDKStatCaches.noindex/iphonesimulator18.5-22F76-d5fc8ad4295d2ef488fb7d0f804ce0c4.sdkstatcache -output-file-map /Users/regis/Library/Developer/Xcode/DerivedData/ExampleMVVM-fukdbmmciwlmszdejgjstzpguvpj/Build/Intermediates.noindex/Data.build/Debug-iphonesimulator/Data.build/Objects-normal/x86_64/Data-OutputFileMap.json -use-frontend-parseable-output -save-temps -no-color-diagnostics -serialize-diagnostics -emit-dependencies -emit-module -emit-module-path /Users/regis/Library/Developer/Xcode/DerivedData/ExampleMVVM-fukdbmmciwlmszdejgjstzpguvpj/Build/Intermediates.noindex/Data.build/Debug-iphonesimulator/Data.build/Objects-normal/x86_64/Data.swiftmodule -validate-clang-modules-once -clang-build-session-file /Users/regis/Library/Developer/Xcode/DerivedData/ModuleCache.noindex/Session.modulevalidation -Xcc -I/Users/regis/Library/Developer/Xcode/DerivedData/ExampleMVVM-fukdbmmciwlmszdejgjstzpguvpj/Build/Intermediates.noindex/Data.build/Debug-iphonesimulator/Data.build/swift-overrides.hmap -emit-const-values -Xfrontend -const-gather-protocols-file -Xfrontend /Users/regis/Library/Developer/Xcode/DerivedData/ExampleMVVM-fukdbmmciwlmszdejgjstzpguvpj/Build/Intermediates.noindex/Data.build/Debug-iphonesimulator/Data.build/Objects-normal/x86_64/Data_const_extract_protocols.json -Xcc -I/Users/regis/Library/Developer/Xcode/DerivedData/ExampleMVVM-fukdbmmciwlmszdejgjstzpguvpj/Build/Products/Debug-iphonesimulator/include -Xcc -I/Users/regis/Library/Developer/Xcode/DerivedData/ExampleMVVM-fukdbmmciwlmszdejgjstzpguvpj/Build/Intermediates.noindex/Data.build/Debug-iphonesimulator/Data.build/DerivedSources-normal/x86_64 -Xcc -I/Users/regis/Library/Developer/Xcode/DerivedData/ExampleMVVM-fukdbmmciwlmszdejgjstzpguvpj/Build/Intermediates.noindex/Data.build/Debug-iphonesimulator/Data.build/DerivedSources/x86_64 -Xcc -I/Users/regis/Library/Developer/Xcode/DerivedData/ExampleMVVM-fukdbmmciwlmszdejgjstzpguvpj/Build/Intermediates.noindex/Data.build/Debug-iphonesimulator/Data.build/DerivedSources -Xcc -DSWIFT_PACKAGE -Xcc -DDEBUG\=1 -emit-objc-header -emit-objc-header-path /Users/regis/Library/Developer/Xcode/DerivedData/ExampleMVVM-fukdbmmciwlmszdejgjstzpguvpj/Build/Intermediates.noindex/Data.build/Debug-iphonesimulator/Data.build/Objects-normal/x86_64/Data-Swift.h -working-directory /Users/regis/develop/template/iOS-Clean-Architecture-MVVM/ExampleMVVM.xcodeproj -experimental-emit-module-separately -disable-cmo

SwiftDriver Data normal arm64 com.apple.xcode.tools.swift.compiler (in target 'Data' from project 'Data')
    cd /Users/regis/develop/template/iOS-Clean-Architecture-MVVM/ExampleMVVM.xcodeproj
    builtin-SwiftDriver -- /Applications/Xcode.app/Contents/Developer/Toolchains/XcodeDefault.xctoolchain/usr/bin/swiftc -module-name Data -Onone -enforce-exclusivity\=checked @/Users/regis/Library/Developer/Xcode/DerivedData/ExampleMVVM-fukdbmmciwlmszdejgjstzpguvpj/Build/Intermediates.noindex/Data.build/Debug-iphonesimulator/Data.build/Objects-normal/arm64/Data.SwiftFileList -DSWIFT_PACKAGE -DDEBUG -DXcode -plugin-path /Applications/Xcode.app/Contents/Developer/Toolchains/XcodeDefault.xctoolchain/usr/lib/swift/host/plugins/testing -enable-experimental-feature DebugDescriptionMacro -sdk /Applications/Xcode.app/Contents/Developer/Platforms/iPhoneSimulator.platform/Developer/SDKs/iPhoneSimulator18.5.sdk -target arm64-apple-ios13.0-simulator -g -module-cache-path /Users/regis/Library/Developer/Xcode/DerivedData/ModuleCache.noindex -Xfrontend -serialize-debugging-options -enable-testing -index-store-path /Users/regis/Library/Developer/Xcode/DerivedData/ExampleMVVM-fukdbmmciwlmszdejgjstzpguvpj/Index.noindex/DataStore -swift-version 5 -I /Users/regis/Library/Developer/Xcode/DerivedData/ExampleMVVM-fukdbmmciwlmszdejgjstzpguvpj/Build/Products/Debug-iphonesimulator -I /Applications/Xcode.app/Contents/Developer/Platforms/iPhoneSimulator.platform/Developer/usr/lib -F /Users/regis/Library/Developer/Xcode/DerivedData/ExampleMVVM-fukdbmmciwlmszdejgjstzpguvpj/Build/Products/Debug-iphonesimulator/PackageFrameworks -F /Users/regis/Library/Developer/Xcode/DerivedData/ExampleMVVM-fukdbmmciwlmszdejgjstzpguvpj/Build/Products/Debug-iphonesimulator/PackageFrameworks -F /Users/regis/Library/Developer/Xcode/DerivedData/ExampleMVVM-fukdbmmciwlmszdejgjstzpguvpj/Build/Products/Debug-iphonesimulator/PackageFrameworks -F /Users/regis/Library/Developer/Xcode/DerivedData/ExampleMVVM-fukdbmmciwlmszdejgjstzpguvpj/Build/Products/Debug-iphonesimulator -F /Applications/Xcode.app/Contents/Developer/Platforms/iPhoneSimulator.platform/Developer/Library/Frameworks -F /Applications/Xcode.app/Contents/Developer/Platforms/iPhoneSimulator.platform/Developer/SDKs/iPhoneSimulator18.5.sdk/Developer/Library/Frameworks -c -j14 -enable-batch-mode -incremental -Xcc -ivfsstatcache -Xcc /Users/regis/Library/Developer/Xcode/DerivedData/SDKStatCaches.noindex/iphonesimulator18.5-22F76-d5fc8ad4295d2ef488fb7d0f804ce0c4.sdkstatcache -output-file-map /Users/regis/Library/Developer/Xcode/DerivedData/ExampleMVVM-fukdbmmciwlmszdejgjstzpguvpj/Build/Intermediates.noindex/Data.build/Debug-iphonesimulator/Data.build/Objects-normal/arm64/Data-OutputFileMap.json -use-frontend-parseable-output -save-temps -no-color-diagnostics -serialize-diagnostics -emit-dependencies -emit-module -emit-module-path /Users/regis/Library/Developer/Xcode/DerivedData/ExampleMVVM-fukdbmmciwlmszdejgjstzpguvpj/Build/Intermediates.noindex/Data.build/Debug-iphonesimulator/Data.build/Objects-normal/arm64/Data.swiftmodule -validate-clang-modules-once -clang-build-session-file /Users/regis/Library/Developer/Xcode/DerivedData/ModuleCache.noindex/Session.modulevalidation -Xcc -I/Users/regis/Library/Developer/Xcode/DerivedData/ExampleMVVM-fukdbmmciwlmszdejgjstzpguvpj/Build/Intermediates.noindex/Data.build/Debug-iphonesimulator/Data.build/swift-overrides.hmap -emit-const-values -Xfrontend -const-gather-protocols-file -Xfrontend /Users/regis/Library/Developer/Xcode/DerivedData/ExampleMVVM-fukdbmmciwlmszdejgjstzpguvpj/Build/Intermediates.noindex/Data.build/Debug-iphonesimulator/Data.build/Objects-normal/arm64/Data_const_extract_protocols.json -Xcc -I/Users/regis/Library/Developer/Xcode/DerivedData/ExampleMVVM-fukdbmmciwlmszdejgjstzpguvpj/Build/Products/Debug-iphonesimulator/include -Xcc -I/Users/regis/Library/Developer/Xcode/DerivedData/ExampleMVVM-fukdbmmciwlmszdejgjstzpguvpj/Build/Intermediates.noindex/Data.build/Debug-iphonesimulator/Data.build/DerivedSources-normal/arm64 -Xcc -I/Users/regis/Library/Developer/Xcode/DerivedData/ExampleMVVM-fukdbmmciwlmszdejgjstzpguvpj/Build/Intermediates.noindex/Data.build/Debug-iphonesimulator/Data.build/DerivedSources/arm64 -Xcc -I/Users/regis/Library/Developer/Xcode/DerivedData/ExampleMVVM-fukdbmmciwlmszdejgjstzpguvpj/Build/Intermediates.noindex/Data.build/Debug-iphonesimulator/Data.build/DerivedSources -Xcc -DSWIFT_PACKAGE -Xcc -DDEBUG\=1 -emit-objc-header -emit-objc-header-path /Users/regis/Library/Developer/Xcode/DerivedData/ExampleMVVM-fukdbmmciwlmszdejgjstzpguvpj/Build/Intermediates.noindex/Data.build/Debug-iphonesimulator/Data.build/Objects-normal/arm64/Data-Swift.h -working-directory /Users/regis/develop/template/iOS-Clean-Architecture-MVVM/ExampleMVVM.xcodeproj -experimental-emit-module-separately -disable-cmo

SwiftCompile normal arm64 Compiling\ resource_bundle_accessor.swift,\ DataFactory.swift /Users/regis/Library/Developer/Xcode/DerivedData/ExampleMVVM-fukdbmmciwlmszdejgjstzpguvpj/Build/Intermediates.noindex/Data.build/Debug-iphonesimulator/Data.build/DerivedSources/resource_bundle_accessor.swift /Users/regis/develop/template/iOS-Clean-Architecture-MVVM/Packages/Data/Sources/Data/DataFactory.swift (in target 'Data' from project 'Data')

SwiftCompile normal arm64 /Users/regis/Library/Developer/Xcode/DerivedData/ExampleMVVM-fukdbmmciwlmszdejgjstzpguvpj/Build/Intermediates.noindex/Data.build/Debug-iphonesimulator/Data.build/DerivedSources/resource_bundle_accessor.swift (in target 'Data' from project 'Data')
    cd /Users/regis/develop/template/iOS-Clean-Architecture-MVVM/ExampleMVVM.xcodeproj
    

SwiftCompile normal arm64 /Users/regis/develop/template/iOS-Clean-Architecture-MVVM/Packages/Data/Sources/Data/DataFactory.swift (in target 'Data' from project 'Data')
    cd /Users/regis/develop/template/iOS-Clean-Architecture-MVVM/ExampleMVVM.xcodeproj
    

SwiftCompile normal arm64 Compiling\ APIEndpoints.swift,\ MoviesRequestDTO+Mapping.swift /Users/regis/develop/template/iOS-Clean-Architecture-MVVM/Packages/Data/Sources/Data/Network/APIEndpoints.swift /Users/regis/develop/template/iOS-Clean-Architecture-MVVM/Packages/Data/Sources/Data/Network/DataMapping/MoviesRequestDTO+Mapping.swift (in target 'Data' from project 'Data')
SwiftCompile normal arm64 /Users/regis/develop/template/iOS-Clean-Architecture-MVVM/Packages/Data/Sources/Data/Network/APIEndpoints.swift (in target 'Data' from project 'Data')
    cd /Users/regis/develop/template/iOS-Clean-Architecture-MVVM/ExampleMVVM.xcodeproj
    

SwiftCompile normal arm64 /Users/regis/develop/template/iOS-Clean-Architecture-MVVM/Packages/Data/Sources/Data/Network/DataMapping/MoviesRequestDTO+Mapping.swift (in target 'Data' from project 'Data')
    cd /Users/regis/develop/template/iOS-Clean-Architecture-MVVM/ExampleMVVM.xcodeproj
    

SwiftCompile normal arm64 Compiling\ MoviesResponseEntity+Mapping.swift,\ MoviesResponseStorage.swift /Users/regis/develop/template/iOS-Clean-Architecture-MVVM/Packages/Data/Sources/Data/PersistentStorages/MoviesResponseStorage/EntityMapping/MoviesResponseEntity+Mapping.swift /Users/regis/develop/template/iOS-Clean-Architecture-MVVM/Packages/Data/Sources/Data/PersistentStorages/MoviesResponseStorage/MoviesResponseStorage.swift (in target 'Data' from project 'Data')

SwiftCompile normal arm64 /Users/regis/develop/template/iOS-Clean-Architecture-MVVM/Packages/Data/Sources/Data/PersistentStorages/MoviesResponseStorage/EntityMapping/MoviesResponseEntity+Mapping.swift (in target 'Data' from project 'Data')
    cd /Users/regis/develop/template/iOS-Clean-Architecture-MVVM/ExampleMVVM.xcodeproj
    

SwiftCompile normal arm64 /Users/regis/develop/template/iOS-Clean-Architecture-MVVM/Packages/Data/Sources/Data/PersistentStorages/MoviesResponseStorage/MoviesResponseStorage.swift (in target 'Data' from project 'Data')
    cd /Users/regis/develop/template/iOS-Clean-Architecture-MVVM/ExampleMVVM.xcodeproj
    

SwiftCompile normal arm64 Compiling\ UserDefaultsMoviesQueriesStorage.swift,\ CoreDataMoviesResponseStorage.swift /Users/regis/develop/template/iOS-Clean-Architecture-MVVM/Packages/Data/Sources/Data/PersistentStorages/MoviesQueriesStorage/UserDefaultsStorage/UserDefaultsMoviesQueriesStorage.swift /Users/regis/develop/template/iOS-Clean-Architecture-MVVM/Packages/Data/Sources/Data/PersistentStorages/MoviesResponseStorage/CoreDataMoviesResponseStorage.swift (in target 'Data' from project 'Data')

SwiftCompile normal arm64 /Users/regis/develop/template/iOS-Clean-Architecture-MVVM/Packages/Data/Sources/Data/PersistentStorages/MoviesQueriesStorage/UserDefaultsStorage/UserDefaultsMoviesQueriesStorage.swift (in target 'Data' from project 'Data')
    cd /Users/regis/develop/template/iOS-Clean-Architecture-MVVM/ExampleMVVM.xcodeproj
    

SwiftCompile normal arm64 /Users/regis/develop/template/iOS-Clean-Architecture-MVVM/Packages/Data/Sources/Data/PersistentStorages/MoviesResponseStorage/CoreDataMoviesResponseStorage.swift (in target 'Data' from project 'Data')
    cd /Users/regis/develop/template/iOS-Clean-Architecture-MVVM/ExampleMVVM.xcodeproj
    

SwiftCompile normal arm64 Compiling\ CoreDataMoviesQueriesStorage.swift,\ MovieQueryEntity+Mapping.swift /Users/regis/develop/template/iOS-Clean-Architecture-MVVM/Packages/Data/Sources/Data/PersistentStorages/MoviesQueriesStorage/CoreDataStorage/CoreDataMoviesQueriesStorage.swift /Users/regis/develop/template/iOS-Clean-Architecture-MVVM/Packages/Data/Sources/Data/PersistentStorages/MoviesQueriesStorage/CoreDataStorage/EntityMapping/MovieQueryEntity+Mapping.swift (in target 'Data' from project 'Data')

SwiftCompile normal arm64 /Users/regis/develop/template/iOS-Clean-Architecture-MVVM/Packages/Data/Sources/Data/PersistentStorages/MoviesQueriesStorage/CoreDataStorage/CoreDataMoviesQueriesStorage.swift (in target 'Data' from project 'Data')
    cd /Users/regis/develop/template/iOS-Clean-Architecture-MVVM/ExampleMVVM.xcodeproj
    

SwiftCompile normal arm64 /Users/regis/develop/template/iOS-Clean-Architecture-MVVM/Packages/Data/Sources/Data/PersistentStorages/MoviesQueriesStorage/CoreDataStorage/EntityMapping/MovieQueryEntity+Mapping.swift (in target 'Data' from project 'Data')
    cd /Users/regis/develop/template/iOS-Clean-Architecture-MVVM/ExampleMVVM.xcodeproj
    

SwiftCompile normal arm64 Compiling\ MoviesResponseDTO+Mapping.swift,\ CoreDataStorage.swift /Users/regis/develop/template/iOS-Clean-Architecture-MVVM/Packages/Data/Sources/Data/Network/DataMapping/MoviesResponseDTO+Mapping.swift /Users/regis/develop/template/iOS-Clean-Architecture-MVVM/Packages/Data/Sources/Data/PersistentStorages/CoreDataStorage/CoreDataStorage.swift (in target 'Data' from project 'Data')
SwiftCompile normal arm64 /Users/regis/develop/template/iOS-Clean-Architecture-MVVM/Packages/Data/Sources/Data/Network/DataMapping/MoviesResponseDTO+Mapping.swift (in target 'Data' from project 'Data')
    cd /Users/regis/develop/template/iOS-Clean-Architecture-MVVM/ExampleMVVM.xcodeproj
    

SwiftCompile normal arm64 /Users/regis/develop/template/iOS-Clean-Architecture-MVVM/Packages/Data/Sources/Data/PersistentStorages/CoreDataStorage/CoreDataStorage.swift (in target 'Data' from project 'Data')
    cd /Users/regis/develop/template/iOS-Clean-Architecture-MVVM/ExampleMVVM.xcodeproj
    

SwiftCompile normal arm64 Compiling\ MoviesQueriesStorage.swift,\ MovieQueryUDS+Mapping.swift /Users/regis/develop/template/iOS-Clean-Architecture-MVVM/Packages/Data/Sources/Data/PersistentStorages/MoviesQueriesStorage/MoviesQueriesStorage.swift /Users/regis/develop/template/iOS-Clean-Architecture-MVVM/Packages/Data/Sources/Data/PersistentStorages/MoviesQueriesStorage/UserDefaultsStorage/DataMapping/MovieQueryUDS+Mapping.swift (in target 'Data' from project 'Data')

SwiftCompile normal arm64 /Users/regis/develop/template/iOS-Clean-Architecture-MVVM/Packages/Data/Sources/Data/PersistentStorages/MoviesQueriesStorage/MoviesQueriesStorage.swift (in target 'Data' from project 'Data')
    cd /Users/regis/develop/template/iOS-Clean-Architecture-MVVM/ExampleMVVM.xcodeproj
    

SwiftCompile normal arm64 /Users/regis/develop/template/iOS-Clean-Architecture-MVVM/Packages/Data/Sources/Data/PersistentStorages/MoviesQueriesStorage/UserDefaultsStorage/DataMapping/MovieQueryUDS+Mapping.swift (in target 'Data' from project 'Data')
    cd /Users/regis/develop/template/iOS-Clean-Architecture-MVVM/ExampleMVVM.xcodeproj
    

SwiftCompile normal arm64 Compiling\ DefaultMoviesQueriesRepository.swift,\ DefaultMoviesRepository.swift /Users/regis/develop/template/iOS-Clean-Architecture-MVVM/Packages/Data/Sources/Data/Repositories/DefaultMoviesQueriesRepository.swift /Users/regis/develop/template/iOS-Clean-Architecture-MVVM/Packages/Data/Sources/Data/Repositories/DefaultMoviesRepository.swift (in target 'Data' from project 'Data')
Failed frontend command:
/Applications/Xcode.app/Contents/Developer/Toolchains/XcodeDefault.xctoolchain/usr/bin/swift-frontend -frontend -c /Users/regis/Library/Developer/Xcode/DerivedData/ExampleMVVM-fukdbmmciwlmszdejgjstzpguvpj/Build/Intermediates.noindex/Data.build/Debug-iphonesimulator/Data.build/DerivedSources/resource_bundle_accessor.swift /Users/regis/develop/template/iOS-Clean-Architecture-MVVM/Packages/Data/Sources/Data/DataFactory.swift /Users/regis/develop/template/iOS-Clean-Architecture-MVVM/Packages/Data/Sources/Data/Network/APIEndpoints.swift /Users/regis/develop/template/iOS-Clean-Architecture-MVVM/Packages/Data/Sources/Data/Network/DataMapping/MoviesRequestDTO+Mapping.swift /Users/regis/develop/template/iOS-Clean-Architecture-MVVM/Packages/Data/Sources/Data/Network/DataMapping/MoviesResponseDTO+Mapping.swift /Users/regis/develop/template/iOS-Clean-Architecture-MVVM/Packages/Data/Sources/Data/PersistentStorages/CoreDataStorage/CoreDataStorage.swift /Users/regis/develop/template/iOS-Clean-Architecture-MVVM/Packages/Data/Sources/Data/PersistentStorages/MoviesQueriesStorage/CoreDataStorage/CoreDataMoviesQueriesStorage.swift /Users/regis/develop/template/iOS-Clean-Architecture-MVVM/Packages/Data/Sources/Data/PersistentStorages/MoviesQueriesStorage/CoreDataStorage/EntityMapping/MovieQueryEntity+Mapping.swift /Users/regis/develop/template/iOS-Clean-Architecture-MVVM/Packages/Data/Sources/Data/PersistentStorages/MoviesQueriesStorage/MoviesQueriesStorage.swift /Users/regis/develop/template/iOS-Clean-Architecture-MVVM/Packages/Data/Sources/Data/PersistentStorages/MoviesQueriesStorage/UserDefaultsStorage/DataMapping/MovieQueryUDS+Mapping.swift /Users/regis/develop/template/iOS-Clean-Architecture-MVVM/Packages/Data/Sources/Data/PersistentStorages/MoviesQueriesStorage/UserDefaultsStorage/UserDefaultsMoviesQueriesStorage.swift /Users/regis/develop/template/iOS-Clean-Architecture-MVVM/Packages/Data/Sources/Data/PersistentStorages/MoviesResponseStorage/CoreDataMoviesResponseStorage.swift /Users/regis/develop/template/iOS-Clean-Architecture-MVVM/Packages/Data/Sources/Data/PersistentStorages/MoviesResponseStorage/EntityMapping/MoviesResponseEntity+Mapping.swift /Users/regis/develop/template/iOS-Clean-Architecture-MVVM/Packages/Data/Sources/Data/PersistentStorages/MoviesResponseStorage/MoviesResponseStorage.swift -primary-file /Users/regis/develop/template/iOS-Clean-Architecture-MVVM/Packages/Data/Sources/Data/Repositories/DefaultMoviesQueriesRepository.swift -primary-file /Users/regis/develop/template/iOS-Clean-Architecture-MVVM/Packages/Data/Sources/Data/Repositories/DefaultMoviesRepository.swift /Users/regis/develop/template/iOS-Clean-Architecture-MVVM/Packages/Data/Sources/Data/Repositories/DefaultPosterImagesRepository.swift /Users/regis/develop/template/iOS-Clean-Architecture-MVVM/Packages/Data/Sources/Data/Repositories/Utils/RepositoryTask.swift /Users/regis/Library/Developer/Xcode/DerivedData/ExampleMVVM-fukdbmmciwlmszdejgjstzpguvpj/Build/Intermediates.noindex/Data.build/Debug-iphonesimulator/Data.build/DerivedSources/CoreDataGenerated/CoreDataStorage/MovieQueryEntity+CoreDataClass.swift /Users/regis/Library/Developer/Xcode/DerivedData/ExampleMVVM-fukdbmmciwlmszdejgjstzpguvpj/Build/Intermediates.noindex/Data.build/Debug-iphonesimulator/Data.build/DerivedSources/CoreDataGenerated/CoreDataStorage/MovieQueryEntity+CoreDataProperties.swift /Users/regis/Library/Developer/Xcode/DerivedData/ExampleMVVM-fukdbmmciwlmszdejgjstzpguvpj/Build/Intermediates.noindex/Data.build/Debug-iphonesimulator/Data.build/DerivedSources/CoreDataGenerated/CoreDataStorage/MovieResponseEntity+CoreDataClass.swift /Users/regis/Library/Developer/Xcode/DerivedData/ExampleMVVM-fukdbmmciwlmszdejgjstzpguvpj/Build/Intermediates.noindex/Data.build/Debug-iphonesimulator/Data.build/DerivedSources/CoreDataGenerated/CoreDataStorage/MovieResponseEntity+CoreDataProperties.swift /Users/regis/Library/Developer/Xcode/DerivedData/ExampleMVVM-fukdbmmciwlmszdejgjstzpguvpj/Build/Intermediates.noindex/Data.build/Debug-iphonesimulator/Data.build/DerivedSources/CoreDataGenerated/CoreDataStorage/MoviesRequestEntity+CoreDataClass.swift /Users/regis/Library/Developer/Xcode/DerivedData/ExampleMVVM-fukdbmmciwlmszdejgjstzpguvpj/Build/Intermediates.noindex/Data.build/Debug-iphonesimulator/Data.build/DerivedSources/CoreDataGenerated/CoreDataStorage/MoviesRequestEntity+CoreDataProperties.swift /Users/regis/Library/Developer/Xcode/DerivedData/ExampleMVVM-fukdbmmciwlmszdejgjstzpguvpj/Build/Intermediates.noindex/Data.build/Debug-iphonesimulator/Data.build/DerivedSources/CoreDataGenerated/CoreDataStorage/MoviesResponseEntity+CoreDataClass.swift /Users/regis/Library/Developer/Xcode/DerivedData/ExampleMVVM-fukdbmmciwlmszdejgjstzpguvpj/Build/Intermediates.noindex/Data.build/Debug-iphonesimulator/Data.build/DerivedSources/CoreDataGenerated/CoreDataStorage/MoviesResponseEntity+CoreDataProperties.swift /Users/regis/Library/Developer/Xcode/DerivedData/ExampleMVVM-fukdbmmciwlmszdejgjstzpguvpj/Build/Intermediates.noindex/Data.build/Debug-iphonesimulator/Data.build/DerivedSources/CoreDataGenerated/CoreDataStorage/CoreDataStorage+CoreDataModel.swift -emit-dependencies-path /Users/regis/Library/Developer/Xcode/DerivedData/ExampleMVVM-fukdbmmciwlmszdejgjstzpguvpj/Build/Intermediates.noindex/Data.build/Debug-iphonesimulator/Data.build/Objects-normal/arm64/DefaultMoviesQueriesRepository.d -emit-const-values-path /Users/regis/Library/Developer/Xcode/DerivedData/ExampleMVVM-fukdbmmciwlmszdejgjstzpguvpj/Build/Intermediates.noindex/Data.build/Debug-iphonesimulator/Data.build/Objects-normal/arm64/DefaultMoviesQueriesRepository.swiftconstvalues -emit-reference-dependencies-path /Users/regis/Library/Developer/Xcode/DerivedData/ExampleMVVM-fukdbmmciwlmszdejgjstzpguvpj/Build/Intermediates.noindex/Data.build/Debug-iphonesimulator/Data.build/Objects-normal/arm64/DefaultMoviesQueriesRepository.swiftdeps -serialize-diagnostics-path /Users/regis/Library/Developer/Xcode/DerivedData/ExampleMVVM-fukdbmmciwlmszdejgjstzpguvpj/Build/Intermediates.noindex/Data.build/Debug-iphonesimulator/Data.build/Objects-normal/arm64/DefaultMoviesQueriesRepository.dia -emit-dependencies-path /Users/regis/Library/Developer/Xcode/DerivedData/ExampleMVVM-fukdbmmciwlmszdejgjstzpguvpj/Build/Intermediates.noindex/Data.build/Debug-iphonesimulator/Data.build/Objects-normal/arm64/DefaultMoviesRepository.d -emit-const-values-path /Users/regis/Library/Developer/Xcode/DerivedData/ExampleMVVM-fukdbmmciwlmszdejgjstzpguvpj/Build/Intermediates.noindex/Data.build/Debug-iphonesimulator/Data.build/Objects-normal/arm64/DefaultMoviesRepository.swiftconstvalues -emit-reference-dependencies-path /Users/regis/Library/Developer/Xcode/DerivedData/ExampleMVVM-fukdbmmciwlmszdejgjstzpguvpj/Build/Intermediates.noindex/Data.build/Debug-iphonesimulator/Data.build/Objects-normal/arm64/DefaultMoviesRepository.swiftdeps -serialize-diagnostics-path /Users/regis/Library/Developer/Xcode/DerivedData/ExampleMVVM-fukdbmmciwlmszdejgjstzpguvpj/Build/Intermediates.noindex/Data.build/Debug-iphonesimulator/Data.build/Objects-normal/arm64/DefaultMoviesRepository.dia -target arm64-apple-ios13.0-simulator -Xllvm -aarch64-use-tbi -enable-objc-interop -sdk /Applications/Xcode.app/Contents/Developer/Platforms/iPhoneSimulator.platform/Developer/SDKs/iPhoneSimulator18.5.sdk -I /Users/regis/Library/Developer/Xcode/DerivedData/ExampleMVVM-fukdbmmciwlmszdejgjstzpguvpj/Build/Products/Debug-iphonesimulator -I /Applications/Xcode.app/Contents/Developer/Platforms/iPhoneSimulator.platform/Developer/usr/lib -F /Users/regis/Library/Developer/Xcode/DerivedData/ExampleMVVM-fukdbmmciwlmszdejgjstzpguvpj/Build/Products/Debug-iphonesimulator/PackageFrameworks -F /Users/regis/Library/Developer/Xcode/DerivedData/ExampleMVVM-fukdbmmciwlmszdejgjstzpguvpj/Build/Products/Debug-iphonesimulator/PackageFrameworks -F /Users/regis/Library/Developer/Xcode/DerivedData/ExampleMVVM-fukdbmmciwlmszdejgjstzpguvpj/Build/Products/Debug-iphonesimulator/PackageFrameworks -F /Users/regis/Library/Developer/Xcode/DerivedData/ExampleMVVM-fukdbmmciwlmszdejgjstzpguvpj/Build/Products/Debug-iphonesimulator -F /Applications/Xcode.app/Contents/Developer/Platforms/iPhoneSimulator.platform/Developer/Library/Frameworks -F /Applications/Xcode.app/Contents/Developer/Platforms/iPhoneSimulator.platform/Developer/SDKs/iPhoneSimulator18.5.sdk/Developer/Library/Frameworks -no-color-diagnostics -enable-testing -g -debug-info-format\=dwarf -dwarf-version\=4 -module-cache-path /Users/regis/Library/Developer/Xcode/DerivedData/ModuleCache.noindex -swift-version 5 -enforce-exclusivity\=checked -Onone -D SWIFT_PACKAGE -D DEBUG -D Xcode -serialize-debugging-options -const-gather-protocols-file /Users/regis/Library/Developer/Xcode/DerivedData/ExampleMVVM-fukdbmmciwlmszdejgjstzpguvpj/Build/Intermediates.noindex/Data.build/Debug-iphonesimulator/Data.build/Objects-normal/arm64/Data_const_extract_protocols.json -enable-experimental-feature DebugDescriptionMacro -empty-abi-descriptor -plugin-path /Applications/Xcode.app/Contents/Developer/Toolchains/XcodeDefault.xctoolchain/usr/lib/swift/host/plugins/testing -validate-clang-modules-once -clang-build-session-file /Users/regis/Library/Developer/Xcode/DerivedData/ModuleCache.noindex/Session.modulevalidation -Xcc -working-directory -Xcc /Users/regis/develop/template/iOS-Clean-Architecture-MVVM/ExampleMVVM.xcodeproj -resource-dir /Applications/Xcode.app/Contents/Developer/Toolchains/XcodeDefault.xctoolchain/usr/lib/swift -enable-anonymous-context-mangled-names -file-compilation-dir /Users/regis/develop/template/iOS-Clean-Architecture-MVVM/ExampleMVVM.xcodeproj -Xcc -ivfsstatcache -Xcc /Users/regis/Library/Developer/Xcode/DerivedData/SDKStatCaches.noindex/iphonesimulator18.5-22F76-d5fc8ad4295d2ef488fb7d0f804ce0c4.sdkstatcache -Xcc -I/Users/regis/Library/Developer/Xcode/DerivedData/ExampleMVVM-fukdbmmciwlmszdejgjstzpguvpj/Build/Intermediates.noindex/Data.build/Debug-iphonesimulator/Data.build/swift-overrides.hmap -Xcc -I/Users/regis/Library/Developer/Xcode/DerivedData/ExampleMVVM-fukdbmmciwlmszdejgjstzpguvpj/Build/Products/Debug-iphonesimulator/include -Xcc -I/Users/regis/Library/Developer/Xcode/DerivedData/ExampleMVVM-fukdbmmciwlmszdejgjstzpguvpj/Build/Intermediates.noindex/Data.build/Debug-iphonesimulator/Data.build/DerivedSources-normal/arm64 -Xcc -I/Users/regis/Library/Developer/Xcode/DerivedData/ExampleMVVM-fukdbmmciwlmszdejgjstzpguvpj/Build/Intermediates.noindex/Data.build/Debug-iphonesimulator/Data.build/DerivedSources/arm64 -Xcc -I/Users/regis/Library/Developer/Xcode/DerivedData/ExampleMVVM-fukdbmmciwlmszdejgjstzpguvpj/Build/Intermediates.noindex/Data.build/Debug-iphonesimulator/Data.build/DerivedSources -Xcc -DSWIFT_PACKAGE -Xcc -DDEBUG\=1 -module-name Data -frontend-parseable-output -disable-clang-spi -target-sdk-version 18.5 -target-sdk-name iphonesimulator18.5 -external-plugin-path /Applications/Xcode.app/Contents/Developer/Platforms/iPhoneOS.platform/Developer/usr/lib/swift/host/plugins\#/Applications/Xcode.app/Contents/Developer/Platforms/iPhoneOS.platform/Developer/usr/bin/swift-plugin-server -external-plugin-path /Applications/Xcode.app/Contents/Developer/Platforms/iPhoneOS.platform/Developer/usr/local/lib/swift/host/plugins\#/Applications/Xcode.app/Contents/Developer/Platforms/iPhoneOS.platform/Developer/usr/bin/swift-plugin-server -in-process-plugin-server-path /Applications/Xcode.app/Contents/Developer/Toolchains/XcodeDefault.xctoolchain/usr/lib/swift/host/libSwiftInProcPluginServer.dylib -plugin-path /Applications/Xcode.app/Contents/Developer/Toolchains/XcodeDefault.xctoolchain/usr/lib/swift/host/plugins -plugin-path /Applications/Xcode.app/Contents/Developer/Toolchains/XcodeDefault.xctoolchain/usr/local/lib/swift/host/plugins -o /Users/regis/Library/Developer/Xcode/DerivedData/ExampleMVVM-fukdbmmciwlmszdejgjstzpguvpj/Build/Intermediates.noindex/Data.build/Debug-iphonesimulator/Data.build/Objects-normal/arm64/DefaultMoviesQueriesRepository.o -o /Users/regis/Library/Developer/Xcode/DerivedData/ExampleMVVM-fukdbmmciwlmszdejgjstzpguvpj/Build/Intermediates.noindex/Data.build/Debug-iphonesimulator/Data.build/Objects-normal/arm64/DefaultMoviesRepository.o -index-unit-output-path /Data.build/Debug-iphonesimulator/Data.build/Objects-normal/arm64/DefaultMoviesQueriesRepository.o -index-unit-output-path /Data.build/Debug-iphonesimulator/Data.build/Objects-normal/arm64/DefaultMoviesRepository.o -index-store-path /Users/regis/Library/Developer/Xcode/DerivedData/ExampleMVVM-fukdbmmciwlmszdejgjstzpguvpj/Index.noindex/DataStore -index-system-modules

SwiftCompile normal arm64 /Users/regis/develop/template/iOS-Clean-Architecture-MVVM/Packages/Data/Sources/Data/Repositories/DefaultMoviesQueriesRepository.swift (in target 'Data' from project 'Data')
    cd /Users/regis/develop/template/iOS-Clean-Architecture-MVVM/ExampleMVVM.xcodeproj
    
/Users/regis/develop/template/iOS-Clean-Architecture-MVVM/Packages/Data/Sources/Data/Repositories/DefaultMoviesRepository.swift:62:58: error: extra trailing closure passed in call
            cache.save(response: response, for: request) { [continuation] in
                                                         ^~~~~~~~~~~~~~~~~~~

SwiftCompile normal arm64 /Users/regis/develop/template/iOS-Clean-Architecture-MVVM/Packages/Data/Sources/Data/Repositories/DefaultMoviesRepository.swift (in target 'Data' from project 'Data')
    cd /Users/regis/develop/template/iOS-Clean-Architecture-MVVM/ExampleMVVM.xcodeproj
    
/Users/regis/develop/template/iOS-Clean-Architecture-MVVM/Packages/Data/Sources/Data/Repositories/DefaultMoviesRepository.swift:62:58: error: extra trailing closure passed in call
            cache.save(response: response, for: request) { [continuation] in
                                                         ^~~~~~~~~~~~~~~~~~~

SwiftCompile normal arm64 Compiling\ DefaultPosterImagesRepository.swift,\ RepositoryTask.swift /Users/regis/develop/template/iOS-Clean-Architecture-MVVM/Packages/Data/Sources/Data/Repositories/DefaultPosterImagesRepository.swift /Users/regis/develop/template/iOS-Clean-Architecture-MVVM/Packages/Data/Sources/Data/Repositories/Utils/RepositoryTask.swift (in target 'Data' from project 'Data')

SwiftCompile normal arm64 /Users/regis/develop/template/iOS-Clean-Architecture-MVVM/Packages/Data/Sources/Data/Repositories/DefaultPosterImagesRepository.swift (in target 'Data' from project 'Data')
    cd /Users/regis/develop/template/iOS-Clean-Architecture-MVVM/ExampleMVVM.xcodeproj
    

SwiftCompile normal arm64 /Users/regis/develop/template/iOS-Clean-Architecture-MVVM/Packages/Data/Sources/Data/Repositories/Utils/RepositoryTask.swift (in target 'Data' from project 'Data')
    cd /Users/regis/develop/template/iOS-Clean-Architecture-MVVM/ExampleMVVM.xcodeproj
    

SwiftCompile normal arm64 Compiling\ MovieQueryEntity+CoreDataClass.swift,\ MovieQueryEntity+CoreDataProperties.swift /Users/regis/Library/Developer/Xcode/DerivedData/ExampleMVVM-fukdbmmciwlmszdejgjstzpguvpj/Build/Intermediates.noindex/Data.build/Debug-iphonesimulator/Data.build/DerivedSources/CoreDataGenerated/CoreDataStorage/MovieQueryEntity+CoreDataClass.swift /Users/regis/Library/Developer/Xcode/DerivedData/ExampleMVVM-fukdbmmciwlmszdejgjstzpguvpj/Build/Intermediates.noindex/Data.build/Debug-iphonesimulator/Data.build/DerivedSources/CoreDataGenerated/CoreDataStorage/MovieQueryEntity+CoreDataProperties.swift (in target 'Data' from project 'Data')

SwiftCompile normal arm64 /Users/regis/Library/Developer/Xcode/DerivedData/ExampleMVVM-fukdbmmciwlmszdejgjstzpguvpj/Build/Intermediates.noindex/Data.build/Debug-iphonesimulator/Data.build/DerivedSources/CoreDataGenerated/CoreDataStorage/MovieQueryEntity+CoreDataClass.swift (in target 'Data' from project 'Data')
    cd /Users/regis/develop/template/iOS-Clean-Architecture-MVVM/ExampleMVVM.xcodeproj
    

SwiftCompile normal arm64 /Users/regis/Library/Developer/Xcode/DerivedData/ExampleMVVM-fukdbmmciwlmszdejgjstzpguvpj/Build/Intermediates.noindex/Data.build/Debug-iphonesimulator/Data.build/DerivedSources/CoreDataGenerated/CoreDataStorage/MovieQueryEntity+CoreDataProperties.swift (in target 'Data' from project 'Data')
    cd /Users/regis/develop/template/iOS-Clean-Architecture-MVVM/ExampleMVVM.xcodeproj
    

SwiftCompile normal arm64 Compiling\ MoviesResponseEntity+CoreDataClass.swift /Users/regis/Library/Developer/Xcode/DerivedData/ExampleMVVM-fukdbmmciwlmszdejgjstzpguvpj/Build/Intermediates.noindex/Data.build/Debug-iphonesimulator/Data.build/DerivedSources/CoreDataGenerated/CoreDataStorage/MoviesResponseEntity+CoreDataClass.swift (in target 'Data' from project 'Data')

SwiftCompile normal arm64 /Users/regis/Library/Developer/Xcode/DerivedData/ExampleMVVM-fukdbmmciwlmszdejgjstzpguvpj/Build/Intermediates.noindex/Data.build/Debug-iphonesimulator/Data.build/DerivedSources/CoreDataGenerated/CoreDataStorage/MoviesResponseEntity+CoreDataClass.swift (in target 'Data' from project 'Data')
    cd /Users/regis/develop/template/iOS-Clean-Architecture-MVVM/ExampleMVVM.xcodeproj
    

SwiftCompile normal arm64 Compiling\ MoviesRequestEntity+CoreDataClass.swift,\ MoviesRequestEntity+CoreDataProperties.swift /Users/regis/Library/Developer/Xcode/DerivedData/ExampleMVVM-fukdbmmciwlmszdejgjstzpguvpj/Build/Intermediates.noindex/Data.build/Debug-iphonesimulator/Data.build/DerivedSources/CoreDataGenerated/CoreDataStorage/MoviesRequestEntity+CoreDataClass.swift /Users/regis/Library/Developer/Xcode/DerivedData/ExampleMVVM-fukdbmmciwlmszdejgjstzpguvpj/Build/Intermediates.noindex/Data.build/Debug-iphonesimulator/Data.build/DerivedSources/CoreDataGenerated/CoreDataStorage/MoviesRequestEntity+CoreDataProperties.swift (in target 'Data' from project 'Data')
SwiftCompile normal arm64 /Users/regis/Library/Developer/Xcode/DerivedData/ExampleMVVM-fukdbmmciwlmszdejgjstzpguvpj/Build/Intermediates.noindex/Data.build/Debug-iphonesimulator/Data.build/DerivedSources/CoreDataGenerated/CoreDataStorage/MoviesRequestEntity+CoreDataClass.swift (in target 'Data' from project 'Data')
    cd /Users/regis/develop/template/iOS-Clean-Architecture-MVVM/ExampleMVVM.xcodeproj
    

SwiftCompile normal arm64 /Users/regis/Library/Developer/Xcode/DerivedData/ExampleMVVM-fukdbmmciwlmszdejgjstzpguvpj/Build/Intermediates.noindex/Data.build/Debug-iphonesimulator/Data.build/DerivedSources/CoreDataGenerated/CoreDataStorage/MoviesRequestEntity+CoreDataProperties.swift (in target 'Data' from project 'Data')
    cd /Users/regis/develop/template/iOS-Clean-Architecture-MVVM/ExampleMVVM.xcodeproj
    

SwiftEmitModule normal x86_64 Emitting\ module\ for\ Data (in target 'Data' from project 'Data')

EmitSwiftModule normal x86_64 (in target 'Data' from project 'Data')
    cd /Users/regis/develop/template/iOS-Clean-Architecture-MVVM/ExampleMVVM.xcodeproj
    

SwiftEmitModule normal arm64 Emitting\ module\ for\ Data (in target 'Data' from project 'Data')

EmitSwiftModule normal arm64 (in target 'Data' from project 'Data')
    cd /Users/regis/develop/template/iOS-Clean-Architecture-MVVM/ExampleMVVM.xcodeproj
    

SwiftEmitModule normal x86_64 Emitting\ module\ for\ Presentation (in target 'Presentation' from project 'Presentation')
Command SwiftEmitModule failed with a nonzero exit code

** BUILD FAILED **


The following build commands failed:
	SwiftCompile normal arm64 Compiling\ DefaultMoviesQueriesRepository.swift,\ DefaultMoviesRepository.swift /Users/regis/develop/template/iOS-Clean-Architecture-MVVM/Packages/Data/Sources/Data/Repositories/DefaultMoviesQueriesRepository.swift /Users/regis/develop/template/iOS-Clean-Architecture-MVVM/Packages/Data/Sources/Data/Repositories/DefaultMoviesRepository.swift (in target 'Data' from project 'Data')
	SwiftCompile normal arm64 /Users/regis/develop/template/iOS-Clean-Architecture-MVVM/Packages/Data/Sources/Data/Repositories/DefaultMoviesQueriesRepository.swift (in target 'Data' from project 'Data')
	SwiftCompile normal arm64 /Users/regis/develop/template/iOS-Clean-Architecture-MVVM/Packages/Data/Sources/Data/Repositories/DefaultMoviesRepository.swift (in target 'Data' from project 'Data')
	SwiftEmitModule normal x86_64 Emitting\ module\ for\ Presentation (in target 'Presentation' from project 'Presentation')
	Building project ExampleMVVM with scheme ExampleMVVM and configuration Debug
(5 failures)
